<?xml version="1.0" encoding="UTF-8"?>
<!-- Generated by org.testng.reporters.JUnitReportReporter -->
<testsuite hostname="IN-PG02H8R3" failures="0" tests="1" name="testCases.homeDecor_Test" time="6.748" errors="0" timestamp="2022-12-14T12:34:46 IST" skipped="0">
  <testcase classname="testCases.homeDecor_Test" name="test" time="6.748"/>
  <system-out/>
</testsuite> <!-- testCases.homeDecor_Test -->
