<?xml version="1.0" encoding="UTF-8"?>
<!-- Generated by org.testng.reporters.JUnitReportReporter -->
<testsuite hostname="IN-PG02H8R3" failures="0" tests="1" name="testCases.beautyItems_Test" time="9.757" errors="0" timestamp="2022-12-14T12:12:33 IST" skipped="0">
  <testcase classname="testCases.beautyItems_Test" name="test" time="9.757"/>
  <system-out/>
</testsuite> <!-- testCases.beautyItems_Test -->
