<?xml version="1.0" encoding="UTF-8"?>
<!-- Generated by org.testng.reporters.JUnitReportReporter -->
<testsuite hostname="IN-PG02H8R3" failures="0" tests="1" name="testCases.watches_Test" time="5.510" errors="0" timestamp="2022-12-14T13:24:57 IST" skipped="0">
  <testcase classname="testCases.watches_Test" name="test" time="5.510"/>
  <system-out/>
</testsuite> <!-- testCases.watches_Test -->
